<?xml version="1.0" encoding="UTF-8"?>
<!-- Generated by org.testng.reporters.JUnitReportReporter -->
<testsuite hostname="Saharshas-MacBook-Air.local" failures="0" tests="1" name="saucetest.BaseTest" time="20.880" errors="0" timestamp="2023-07-19T10:19:58 NPT" skipped="0">
  <testcase classname="saucetest.BaseTest" name="testLoginWithValidCredentials" time="20.880"/>
  <system-out/>
</testsuite> <!-- saucetest.BaseTest -->
