<?xml version="1.0" encoding="UTF-8"?>
<!-- Generated by org.testng.reporters.JUnitReportReporter -->
<testsuite hostname="Saharshas-MacBook-Air.local" failures="0" tests="1" name="saucetest.BaseTest" time="35.152" errors="0" timestamp="2023-07-20T13:42:25 NPT" skipped="0">
  <testcase classname="saucetest.BaseTest" name="testCase" time="35.152"/>
  <system-out/>
</testsuite> <!-- saucetest.BaseTest -->
