<?xml version="1.0" encoding="UTF-8"?>
<!-- Generated by org.testng.reporters.JUnitReportReporter -->
<testsuite hostname="Saharshas-MacBook-Air.local" failures="0" tests="1" name="saucetest.Base_test" time="21.913" errors="0" timestamp="2023-07-18T15:01:31 NPT" skipped="0">
  <testcase classname="saucetest.Base_test" name="testLoginWithValidCredentials" time="21.913"/>
  <system-out/>
</testsuite> <!-- saucetest.Base_test -->
